./persistency/ascii/include
./persistency/gdml/include
./persistency/mctruth/include
./processes/transportation/include
./processes/management/include
./processes/electromagnetic/standard/include
./processes/electromagnetic/pii/include
./processes/electromagnetic/xrays/include
./processes/electromagnetic/lowenergy/include
./processes/electromagnetic/muons/include
./processes/electromagnetic/highenergy/include
./processes/electromagnetic/polarisation/include
./processes/electromagnetic/adjoint/include
./processes/electromagnetic/utils/include
./processes/electromagnetic/dna/processes/include
./processes/electromagnetic/dna/management/include
./processes/electromagnetic/dna/utils/include
./processes/electromagnetic/dna/models/include
./processes/electromagnetic/dna/molecules/types/include
./processes/electromagnetic/dna/molecules/management/include
./processes/optical/include
./processes/biasing/include
./processes/decay/include
./processes/hadronic/processes/include
./processes/hadronic/management/include
./processes/hadronic/cross_sections/include
./processes/hadronic/util/include
./processes/hadronic/stopping/include
./processes/hadronic/models/inclxx/utils/include
./processes/hadronic/models/inclxx/incl_physics/include
./processes/hadronic/models/inclxx/interface/include
./processes/hadronic/models/low_energy/include
./processes/hadronic/models/management/include
./processes/hadronic/models/radioactive_decay/include
./processes/hadronic/models/de_excitation/management/include
./processes/hadronic/models/de_excitation/fermi_breakup/include
./processes/hadronic/models/de_excitation/handler/include
./processes/hadronic/models/de_excitation/photon_evaporation/include
./processes/hadronic/models/de_excitation/util/include
./processes/hadronic/models/de_excitation/ablation/include
./processes/hadronic/models/de_excitation/fission/include
./processes/hadronic/models/de_excitation/evaporation/include
./processes/hadronic/models/de_excitation/multifragmentation/include
./processes/hadronic/models/de_excitation/gem_evaporation/include
./processes/hadronic/models/qmd/include
./processes/hadronic/models/pre_equilibrium/exciton_model/include
./processes/hadronic/models/parton_string/management/include
./processes/hadronic/models/parton_string/qgsm/include
./processes/hadronic/models/parton_string/hadronization/include
./processes/hadronic/models/parton_string/diffraction/include
./processes/hadronic/models/chiral_inv_phase_space/processes/include
./processes/hadronic/models/chiral_inv_phase_space/fragmentation/include
./processes/hadronic/models/chiral_inv_phase_space/cross_sections/include
./processes/hadronic/models/chiral_inv_phase_space/body/include
./processes/hadronic/models/chiral_inv_phase_space/interface/include
./processes/hadronic/models/util/include
./processes/hadronic/models/high_energy/include
./processes/hadronic/models/cascade/cascade/include
./processes/hadronic/models/cascade/utils/include
./processes/hadronic/models/cascade/evaporation/include
./processes/hadronic/models/lepto_nuclear/include
./processes/hadronic/models/lll_fission/include
./processes/hadronic/models/lend/include
./processes/hadronic/models/theo_high_energy/include
./processes/hadronic/models/abla/include
./processes/hadronic/models/binary_cascade/include
./processes/hadronic/models/im_r_matrix/include
./processes/hadronic/models/quasi_elastic/include
./processes/hadronic/models/particle_hp/include
./processes/hadronic/models/rpg/include
./processes/hadronic/models/abrasion/include
./processes/hadronic/models/coherent_elastic/include
./processes/hadronic/models/neutron_hp/include
./processes/hadronic/models/em_dissociation/include
./processes/hadronic/models/isotope_production/include
./processes/cuts/include
./processes/parameterisation/include
./processes/scoring/include
./track/include
./geometry/solids/specific/include
./geometry/solids/BREPS/include
./geometry/solids/CSG/include
./geometry/solids/Boolean/include
./geometry/management/include
./geometry/volumes/include
./geometry/navigation/include
./geometry/magneticfield/include
./geometry/biasing/include
./geometry/divisions/include
./readout/include
./externals/clhep/include/CLHEP/Random
./externals/clhep/include/CLHEP/Units
./externals/clhep/include/CLHEP/Utility
./externals/clhep/include/CLHEP/Vector
./externals/clhep/include/CLHEP/Evaluator
./externals/clhep/include/CLHEP/Geometry
./externals/clhep/include/CLHEP
./externals/clhep/include
./externals/expat/include
./intercoms/include
./materials/include
./global/management/include
./global/HEPNumerics/include
./global/HEPGeometry/include
./global/HEPRandom/include
./interfaces/basic/include
./interfaces/GAG/include
./interfaces/common/include
./particles/management/include
./particles/shortlived/include
./particles/adjoint/include
./particles/utils/include
./particles/leptons/include
./particles/hadrons/barions/include
./particles/hadrons/mesons/include
./particles/hadrons/ions/include
./particles/bosons/include
./error_propagation/include
./tracking/include
./visualization/management/include
./visualization/RayTracer/include
./visualization/externals/gl2ps/include
./visualization/externals/zlib/include
./visualization/gMocren/include
./visualization/XXX/include
./visualization/OpenGL/include
./visualization/OpenInventor/include/HEPVis/nodes
./visualization/OpenInventor/include/HEPVis/misc
./visualization/OpenInventor/include/HEPVis/actions
./visualization/OpenInventor/include/HEPVis/nodekits
./visualization/OpenInventor/include/HEPVis
./visualization/OpenInventor/include
./visualization/modeling/include
./visualization/HepRep/include/HEPREP
./visualization/HepRep/include/cheprep
./visualization/HepRep/include
./visualization/FukuiRenderer/include
./visualization/Tree/include
./visualization/VRML/include
./physics_lists/builders/include
./physics_lists/lists/include
./graphics_reps/include
./g3tog4/include
./parameterisations/gflash/include
./run/include
./event/include
./analysis/include/tools/waxml
./analysis/include/tools/wroot
./analysis/include/tools/histo
./analysis/include/tools/hbook
./analysis/include/tools
./analysis/include
./digits_hits/hits/include
./digits_hits/utils/include
./digits_hits/digits/include
./digits_hits/detector/include
./digits_hits/scorer/include
